python.exe : usage: pyinstaller [-h] [-v] [-D] [-F] [--specpath DIR] [-n NAME]
At line:1 char:300
+ ... al-system"; & "C:\Users\26492\AppData\Local\Programs\Python\Python312 ...
+                 ~~~~~~~~~~~~~~~~~~~~~~~~~~~~~~~~~~~~~~~~~~~~~~~~~~~~~~~~~
    + CategoryInfo          : NotSpecified: (usage: pyinstal... DIR] [-n NAME]:String) [], RemoteException
    + FullyQualifiedErrorId : NativeCommandError
 
                   [--contents-directory CONTENTS_DIRECTORY]
                   [--add-data SOURCE:DEST] [--add-binary SOURCE:DEST]
                   [-p DIR] [--hidden-import MODULENAME]
                   [--collect-submodules MODULENAME]
                   [--collect-data MODULENAME] [--collect-binaries MODULENAME]
                   [--collect-all MODULENAME] [--copy-metadata PACKAGENAME]
                   [--recursive-copy-metadata PACKAGENAME]
                   [--additional-hooks-dir HOOKSPATH]
                   [--runtime-hook RUNTIME_HOOKS] [--exclude-module EXCLUDES]
                   [--splash IMAGE_FILE]
                   [-d {all,imports,bootloader,noarchive}] [--optimize LEVEL]
                   [--python-option PYTHON_OPTION] [-s] [--noupx]
                   [--upx-exclude FILE] [-c] [-w]
                   [--hide-console {hide-late,hide-early,minimize-early,minimize-late}]
                   [-i <FILE.ico or FILE.exe,ID or FILE.icns or Image or "NONE">]
                   [--disable-windowed-traceback] [--version-file FILE]
                   [--manifest <FILE or XML>] [-m <FILE or XML>] [-r RESOURCE]
                   [--uac-admin] [--uac-uiaccess] [--argv-emulation]
                   [--osx-bundle-identifier BUNDLE_IDENTIFIER]
                   [--target-architecture ARCH] [--codesign-identity IDENTITY]
                   [--osx-entitlements-file FILENAME] [--runtime-tmpdir PATH]
                   [--bootloader-ignore-signals] [--distpath DIR]
                   [--workpath WORKPATH] [-y] [--upx-dir UPX_DIR] [--clean]
                   [--log-level LEVEL]
                   scriptname [scriptname ...]
pyinstaller: error: unrecognized arguments: --exclude-runtime-hook=pyi_rth_pkgres
